<?xml version="1.0" encoding="UTF-8"?>
<!-- Generated by org.testng.reporters.JUnitXMLReporter -->
<testsuite ignored="0" hostname="Shraddhas-MacBook-Pro.local" failures="0" tests="4" name="Test" time="0.043" errors="0" timestamp="2025-07-01T14:32:35 IST">
  <testcase classname="SeleniumBrushup.GroupTestcase" name="test1" time="0.01"/>
  <testcase classname="SeleniumBrushup.GroupTestcase" name="test2" time="0.001"/>
  <testcase classname="SeleniumBrushup.GroupTestcase" name="test3" time="0.001"/>
  <testcase classname="SeleniumBrushup.GroupTestcase" name="test4" time="0.001"/>
</testsuite> <!-- Test -->
