<?xml version="1.0" encoding="UTF-8"?>
<testng-results ignored="0" total="3" passed="3" failed="0" skipped="0">
  <reporter-output>
  </reporter-output>
  <suite started-at="2025-07-01T15:12:12 IST" name="Suite" finished-at="2025-07-01T15:12:40 IST" duration-ms="28077">
    <groups>
    </groups>
    <test started-at="2025-07-01T15:12:12 IST" name="Test1" finished-at="2025-07-01T15:12:25 IST" duration-ms="13074">
      <class name="SeleniumBrushup.ParallelTesting">
        <test-method is-config="true" signature="launchingBrowsers(java.lang.String)[pri:0, instance:SeleniumBrushup.ParallelTesting@2ef3eef9]" started-at="2025-07-01T15:12:12 IST" name="launchingBrowsers" finished-at="2025-07-01T15:12:15 IST" duration-ms="2455" status="PASS">
          <params>
            <param index="0">
              <value>
                <![CDATA[chrome]]>
              </value>
            </param>
          </params>
          <reporter-output>
          </reporter-output>
        </test-method> <!-- launchingBrowsers -->
        <test-method signature="HandleActionclass()[pri:0, instance:SeleniumBrushup.ParallelTesting@2ef3eef9]" started-at="2025-07-01T15:12:15 IST" name="HandleActionclass" finished-at="2025-07-01T15:12:25 IST" duration-ms="10440" status="PASS">
          <reporter-output>
          </reporter-output>
        </test-method> <!-- HandleActionclass -->
        <test-method is-config="true" signature="closebrowser()[pri:0, instance:SeleniumBrushup.ParallelTesting@2ef3eef9]" started-at="2025-07-01T15:12:25 IST" name="closebrowser" finished-at="2025-07-01T15:12:25 IST" duration-ms="161" status="PASS">
          <reporter-output>
          </reporter-output>
        </test-method> <!-- closebrowser -->
      </class> <!-- SeleniumBrushup.ParallelTesting -->
    </test> <!-- Test1 -->
    <test started-at="2025-07-01T15:12:12 IST" name="Test2" finished-at="2025-07-01T15:12:30 IST" duration-ms="17258">
      <class name="SeleniumBrushup.ParallelTesting">
        <test-method is-config="true" signature="launchingBrowsers(java.lang.String)[pri:0, instance:SeleniumBrushup.ParallelTesting@a514af7]" started-at="2025-07-01T15:12:12 IST" name="launchingBrowsers" finished-at="2025-07-01T15:12:14 IST" duration-ms="1613" status="PASS">
          <params>
            <param index="0">
              <value>
                <![CDATA[safari]]>
              </value>
            </param>
          </params>
          <reporter-output>
          </reporter-output>
        </test-method> <!-- launchingBrowsers -->
        <test-method signature="HandleActionclass()[pri:0, instance:SeleniumBrushup.ParallelTesting@a514af7]" started-at="2025-07-01T15:12:14 IST" name="HandleActionclass" finished-at="2025-07-01T15:12:29 IST" duration-ms="15370" status="PASS">
          <reporter-output>
          </reporter-output>
        </test-method> <!-- HandleActionclass -->
        <test-method is-config="true" signature="closebrowser()[pri:0, instance:SeleniumBrushup.ParallelTesting@a514af7]" started-at="2025-07-01T15:12:29 IST" name="closebrowser" finished-at="2025-07-01T15:12:30 IST" duration-ms="220" status="PASS">
          <reporter-output>
          </reporter-output>
        </test-method> <!-- closebrowser -->
      </class> <!-- SeleniumBrushup.ParallelTesting -->
    </test> <!-- Test2 -->
    <test started-at="2025-07-01T15:12:12 IST" name="Test3" finished-at="2025-07-01T15:12:40 IST" duration-ms="28077">
      <class name="SeleniumBrushup.ParallelTesting">
        <test-method is-config="true" signature="launchingBrowsers(java.lang.String)[pri:0, instance:SeleniumBrushup.ParallelTesting@3e58a80e]" started-at="2025-07-01T15:12:12 IST" name="launchingBrowsers" finished-at="2025-07-01T15:12:17 IST" duration-ms="5051" status="PASS">
          <params>
            <param index="0">
              <value>
                <![CDATA[edge]]>
              </value>
            </param>
          </params>
          <reporter-output>
          </reporter-output>
        </test-method> <!-- launchingBrowsers -->
        <test-method signature="HandleActionclass()[pri:0, instance:SeleniumBrushup.ParallelTesting@3e58a80e]" started-at="2025-07-01T15:12:17 IST" name="HandleActionclass" finished-at="2025-07-01T15:12:40 IST" duration-ms="22833" status="PASS">
          <reporter-output>
          </reporter-output>
        </test-method> <!-- HandleActionclass -->
        <test-method is-config="true" signature="closebrowser()[pri:0, instance:SeleniumBrushup.ParallelTesting@3e58a80e]" started-at="2025-07-01T15:12:40 IST" name="closebrowser" finished-at="2025-07-01T15:12:40 IST" duration-ms="180" status="PASS">
          <reporter-output>
          </reporter-output>
        </test-method> <!-- closebrowser -->
      </class> <!-- SeleniumBrushup.ParallelTesting -->
    </test> <!-- Test3 -->
  </suite> <!-- Suite -->
</testng-results>
